<?xml version="1.0" encoding="UTF-8"?>
<robot generator="Robot 3.2.2 (Python 3.8.5 on win32)" generated="20210420 20:08:35.126" rpa="false">
<suite id="s1" name="Gsearch" source="D:\Projects\Python\Robot\robot-gsearch\gsearch.robot">
<test id="s1-t1" name="Google Search">
<kw name="Open Browser for Search">
<kw name="Open Browser" library="SeleniumLibrary">
<doc>Opens a new browser instance to the optional ``url``.</doc>
<arguments>
<arg>${URL}</arg>
<arg>${BROWSER}</arg>
</arguments>
<msg timestamp="20210420 20:08:35.707" level="INFO">Opening browser 'Chrome' to base url 'https://www.google.com'.</msg>
<status status="PASS" starttime="20210420 20:08:35.707" endtime="20210420 20:08:38.521"></status>
</kw>
<kw name="Maximize Browser Window" library="SeleniumLibrary">
<doc>Maximizes current browser window.</doc>
<status status="PASS" starttime="20210420 20:08:38.521" endtime="20210420 20:08:38.661"></status>
</kw>
<kw name="Set Browser Implicit Wait" library="SeleniumLibrary">
<doc>Sets the implicit wait value used by Selenium.</doc>
<arguments>
<arg>10</arg>
</arguments>
<status status="PASS" starttime="20210420 20:08:38.661" endtime="20210420 20:08:38.664"></status>
</kw>
<kw name="Get WebElement" library="SeleniumLibrary">
<doc>Returns the first WebElement matching the given ``locator``.</doc>
<arguments>
<arg>xpath=${SRCH_BTN}</arg>
</arguments>
<assign>
<var>${BTN}</var>
</assign>
<msg timestamp="20210420 20:08:38.692" level="INFO">${BTN} = &lt;selenium.webdriver.remote.webelement.WebElement (session="c6c49c9adbc68a1c081bda3fa0714736", element="80897de7-92bb-4e35-9bdb-5263423a6aeb")&gt;</msg>
<status status="PASS" starttime="20210420 20:08:38.664" endtime="20210420 20:08:38.692"></status>
</kw>
<kw name="Wait Until Element Is Visible" library="SeleniumLibrary">
<doc>Waits until the element ``locator`` is visible.</doc>
<arguments>
<arg>${BTN}</arg>
</arguments>
<status status="PASS" starttime="20210420 20:08:38.692" endtime="20210420 20:08:38.720"></status>
</kw>
<kw name="Title Should Be" library="SeleniumLibrary">
<doc>Verifies that the current page title equals ``title``.</doc>
<arguments>
<arg>Google</arg>
</arguments>
<msg timestamp="20210420 20:08:38.729" level="INFO">Page title is 'Google'.</msg>
<status status="PASS" starttime="20210420 20:08:38.721" endtime="20210420 20:08:38.729"></status>
</kw>
<status status="PASS" starttime="20210420 20:08:35.706" endtime="20210420 20:08:38.729"></status>
</kw>
<kw name="Input Search">
<arguments>
<arg>Selenium Automation</arg>
</arguments>
<kw name="Get WebElement" library="SeleniumLibrary">
<doc>Returns the first WebElement matching the given ``locator``.</doc>
<arguments>
<arg>xpath=${SEARCH_AREA}</arg>
</arguments>
<assign>
<var>${SRCH}</var>
</assign>
<msg timestamp="20210420 20:08:38.753" level="INFO">${SRCH} = &lt;selenium.webdriver.remote.webelement.WebElement (session="c6c49c9adbc68a1c081bda3fa0714736", element="a9df250c-42ff-42dc-9a3e-c61cd7d1708e")&gt;</msg>
<status status="PASS" starttime="20210420 20:08:38.730" endtime="20210420 20:08:38.753"></status>
</kw>
<kw name="Input Text" library="SeleniumLibrary">
<doc>Types the given ``text`` into the text field identified by ``locator``.</doc>
<arguments>
<arg>${SRCH}</arg>
<arg>${input_text}</arg>
<arg>clear=True</arg>
</arguments>
<msg timestamp="20210420 20:08:38.754" level="INFO">Typing text 'Selenium Automation' into text field '&lt;selenium.webdriver.remote.webelement.WebElement (session="c6c49c9adbc68a1c081bda3fa0714736", element="a9df250c-42ff-42dc-9a3e-c61cd7d1708e")&gt;'.</msg>
<status status="PASS" starttime="20210420 20:08:38.754" endtime="20210420 20:08:38.909"></status>
</kw>
<kw name="Click Element" library="SeleniumLibrary">
<doc>Click the element identified by ``locator``.</doc>
<arguments>
<arg>xpath=${SRCH_BTN}</arg>
</arguments>
<msg timestamp="20210420 20:08:38.909" level="INFO">Clicking element 'xpath=/html/body/div[1]/div[3]/form/div[1]/div[1]/div[3]/center/input[1]'.</msg>
<status status="PASS" starttime="20210420 20:08:38.909" endtime="20210420 20:08:40.578"></status>
</kw>
<kw name="Sleep" library="BuiltIn">
<doc>Pauses the test executed for the given time.</doc>
<arguments>
<arg>10</arg>
</arguments>
<msg timestamp="20210420 20:08:50.590" level="INFO">Slept 10 seconds</msg>
<status status="PASS" starttime="20210420 20:08:40.578" endtime="20210420 20:08:50.590"></status>
</kw>
<status status="PASS" starttime="20210420 20:08:38.730" endtime="20210420 20:08:50.590"></status>
</kw>
<kw name="Close Current Browser">
<kw name="Close Browser" library="SeleniumLibrary">
<doc>Closes the current browser.</doc>
<status status="PASS" starttime="20210420 20:08:50.593" endtime="20210420 20:08:52.993"></status>
</kw>
<status status="PASS" starttime="20210420 20:08:50.590" endtime="20210420 20:08:52.994"></status>
</kw>
<status status="PASS" starttime="20210420 20:08:35.706" endtime="20210420 20:08:52.995" critical="yes"></status>
</test>
<doc>Example Robot script to search google using Selenium automation
with Keyword driven approach.</doc>
<status status="PASS" starttime="20210420 20:08:35.134" endtime="20210420 20:08:52.998"></status>
</suite>
<statistics>
<total>
<stat pass="1" fail="0">Critical Tests</stat>
<stat pass="1" fail="0">All Tests</stat>
</total>
<tag>
</tag>
<suite>
<stat pass="1" fail="0" id="s1" name="Gsearch">Gsearch</stat>
</suite>
</statistics>
<errors>
</errors>
</robot>
